Branch 'gh-pages' set up to track remote branch 'gh-pages' from 'origin'.
Previous HEAD position was 30f235e... ENA has been taking some time to come back of late
Switched to branch 'gh-pages'
Your branch is up to date with 'origin/gh-pages'.
Processing server https://refget.herokuapp.com/
test_info_implement
test_metadata_implement
test_sequence_implement
test_info_implement_default
test_info_circular
test_info_algorithms
test_info_subsequence
test_info_api_version
test_metadata_query_circular_sequence
test_sequence_circular
test_sequence_circular_support_false_errors
test_sequence_circular_support_true_errors
test_metadata_query_by_trunc512
test_metadata_trunc512
test_sequence_query_by_trunc512
test_metadata_implement_default
test_metadata_md5
test_metadata_length
test_metadata_aliases
test_metadata_invalid_checksum_404_error
test_metadata_invalid_encoding_406_error
test_sequence_implement_default
test_sequence_start_end
test_sequence_range
test_sequence_invalid_checksum_404_error
test_sequence_invalid_encoding_406_error
test_sequence_start_end_success_cases
test_sequence_start_end_errors
test_sequence_range_success_cases
test_sequence_range_errors
Processing server https://www.ebi.ac.uk/ena/cram/
test_info_implement
test_metadata_implement
test_sequence_implement
test_info_implement_default
test_info_circular
test_info_algorithms
test_info_subsequence
test_info_api_version
test_metadata_query_circular_sequence
test_sequence_circular
test_sequence_circular_support_false_errors
test_sequence_circular_support_true_errors
test_metadata_query_by_trunc512
test_metadata_trunc512
test_sequence_query_by_trunc512
test_metadata_implement_default
test_metadata_md5
test_metadata_length
test_metadata_aliases
test_metadata_invalid_checksum_404_error
test_metadata_invalid_encoding_406_error
test_sequence_implement_default
test_sequence_start_end
test_sequence_range
test_sequence_invalid_checksum_404_error
test_sequence_invalid_encoding_406_error
test_sequence_start_end_success_cases
test_sequence_start_end_errors
test_sequence_range_success_cases
test_sequence_range_errors
